<?xml version="1.0" encoding="UTF-8"?>
<testsuite xmlns:xsi="http://www.w3.org/2001/XMLSchema-instance" xsi:noNamespaceSchemaLocation="https://maven.apache.org/surefire/maven-surefire-plugin/xsd/surefire-test-report-3.0.xsd" version="3.0" name="com.wipro.calculator.maven.CalculatorTest" time="0.139" tests="5" errors="0" skipped="0" failures="0">
  <properties>
[...]
</properties>
  <testcase name="testDivByZero" classname="com.wipro.calculator.maven.CalculatorTest" time="0.049">
    <system-out><![CDATA[Before All only once
Before Each test case
div by zero tested
After Each test case
]]></system-out>
  </testcase>
  <testcase name="testAdd" classname="com.wipro.calculator.maven.CalculatorTest" time="0.004">
    <system-out><![CDATA[Before Each test case
add tested
After Each test case
]]></system-out>
  </testcase>
  <testcase name="testDiv" classname="com.wipro.calculator.maven.CalculatorTest" time="0.006">
    <system-out><![CDATA[Before Each test case
div tested
After Each test case
]]></system-out>
  </testcase>
  <testcase name="testMul" classname="com.wipro.calculator.maven.CalculatorTest" time="0.003">
    <system-out><![CDATA[Before Each test case
mul tested
After Each test case
]]></system-out>
  </testcase>
  <testcase name="testSub" classname="com.wipro.calculator.maven.CalculatorTest" time="0.003">
    <system-out><![CDATA[Before Each test case
sub tested
After Each test case
]]></system-out>
  </testcase>
</testsuite>